Flow report for main
Tue May  3 17:43:55 2022
Quartus Prime Version 21.1.0 Build 842 10/21/2021 SJ Lite Edition


---------------------
; Table of Contents ;
---------------------
  1. Legal Notice
  2. Flow Summary
  3. Flow Settings
  4. Flow Non-Default Global Settings
  5. Flow Elapsed Time
  6. Flow OS Summary
  7. Flow Log
  8. Flow Messages
  9. Flow Suppressed Messages



----------------
; Legal Notice ;
----------------
Copyright (C) 2021  Intel Corporation. All rights reserved.
Your use of Intel Corporation's design tools, logic functions 
and other software and tools, and any partner logic 
functions, and any output files from any of the foregoing 
(including device programming or simulation files), and any 
associated documentation or information are expressly subject 
to the terms and conditions of the Intel Program License 
Subscription Agreement, the Intel Quartus Prime License Agreement,
the Intel FPGA IP License Agreement, or other applicable license
agreement, including, without limitation, that your use is for
the sole purpose of programming logic devices manufactured by
Intel and sold by Intel or its authorized distributors.  Please
refer to the applicable agreement for further details, at
https://fpgasoftware.intel.com/eula.



+-------------------------------------------------------------------------------+
; Flow Summary                                                                  ;
+---------------------------------+---------------------------------------------+
; Flow Status                     ; Flow Failed - Tue May  3 17:43:55 2022      ;
; Quartus Prime Version           ; 21.1.0 Build 842 10/21/2021 SJ Lite Edition ;
; Revision Name                   ; main                                        ;
; Top-level Entity Name           ; main                                        ;
; Family                          ; Cyclone V                                   ;
; Device                          ; 5CGXFC7C7F23C8                              ;
; Timing Models                   ; Final                                       ;
; Logic utilization (in ALMs)     ; 1,013 / 56,480 ( 2 % )                      ;
; Total registers                 ; 1280                                        ;
; Total pins                      ; 97 / 268 ( 36 % )                           ;
; Total virtual pins              ; 0                                           ;
; Total block memory bits         ; 36,864 / 7,024,640 ( < 1 % )                ;
; Total DSP Blocks                ; 0 / 156 ( 0 % )                             ;
; Total HSSI RX PCSs              ; 0 / 6 ( 0 % )                               ;
; Total HSSI PMA RX Deserializers ; 0 / 6 ( 0 % )                               ;
; Total HSSI TX PCSs              ; 0 / 6 ( 0 % )                               ;
; Total HSSI PMA TX Serializers   ; 0 / 6 ( 0 % )                               ;
; Total PLLs                      ; 0 / 13 ( 0 % )                              ;
; Total DLLs                      ; 1 / 4 ( 25 % )                              ;
+---------------------------------+---------------------------------------------+


+-----------------------------------------+
; Flow Settings                           ;
+-------------------+---------------------+
; Option            ; Setting             ;
+-------------------+---------------------+
; Start date & time ; 05/03/2022 17:39:13 ;
; Main task         ; Compilation         ;
; Revision Name     ; main                ;
+-------------------+---------------------+


+--------------------------------------------------------------------------------------------------------------------------------------------------------------------------------------+
; Flow Non-Default Global Settings                                                                                                                                                     ;
+-------------------------------------+------------------------------------------------------------------------------+---------------+------------------------------------+------------+
; Assignment Name                     ; Value                                                                        ; Default Value ; Entity Name                        ; Section Id ;
+-------------------------------------+------------------------------------------------------------------------------+---------------+------------------------------------+------------+
; COMPILER_SIGNATURE_ID               ; 93180999564651.165161395323875                                               ; --            ; --                                 ; --         ;
; HPS_ISW_FILE                        ; cnn_hps_system/synthesis/submodules/sequencer/sdram_io.pre.h                 ; --            ; cnn_hps_system_hps_0_hps_io_border ; --         ;
; HPS_ISW_FILE                        ; cnn_hps_system/synthesis/submodules/sequencer/alt_types.pre.h                ; --            ; cnn_hps_system_hps_0_hps_io_border ; --         ;
; HPS_ISW_FILE                        ; cnn_hps_system/synthesis/submodules/sequencer/system.pre.h                   ; --            ; cnn_hps_system_hps_0_hps_io_border ; --         ;
; HPS_ISW_FILE                        ; cnn_hps_system/synthesis/submodules/sequencer/sequencer.pre.c                ; --            ; cnn_hps_system_hps_0_hps_io_border ; --         ;
; HPS_ISW_FILE                        ; cnn_hps_system/synthesis/submodules/sequencer/sequencer.pre.h                ; --            ; cnn_hps_system_hps_0_hps_io_border ; --         ;
; HPS_ISW_FILE                        ; cnn_hps_system/synthesis/submodules/sequencer/tclrpt.pre.c                   ; --            ; cnn_hps_system_hps_0_hps_io_border ; --         ;
; HPS_ISW_FILE                        ; cnn_hps_system/synthesis/submodules/sequencer/tclrpt.pre.h                   ; --            ; cnn_hps_system_hps_0_hps_io_border ; --         ;
; HPS_ISW_FILE                        ; cnn_hps_system/synthesis/submodules/sequencer/sequencer_defines.pre.h        ; --            ; cnn_hps_system_hps_0_hps_io_border ; --         ;
; HPS_ISW_FILE                        ; cnn_hps_system/synthesis/submodules/sequencer/sequencer_auto_ac_init.pre.c   ; --            ; cnn_hps_system_hps_0_hps_io_border ; --         ;
; HPS_ISW_FILE                        ; cnn_hps_system/synthesis/submodules/sequencer/sequencer_auto_inst_init.pre.c ; --            ; cnn_hps_system_hps_0_hps_io_border ; --         ;
; HPS_ISW_FILE                        ; cnn_hps_system/synthesis/submodules/sequencer/sequencer_auto.pre.h           ; --            ; cnn_hps_system_hps_0_hps_io_border ; --         ;
; HPS_ISW_FILE                        ; cnn_hps_system/synthesis/submodules/sequencer/emif.pre.xml                   ; --            ; cnn_hps_system_hps_0_hps_io_border ; --         ;
; HPS_ISW_FILE                        ; cnn_hps_system/synthesis/submodules/hps.pre.xml                              ; --            ; cnn_hps_system_hps_0_hps_io_border ; --         ;
; HPS_PARTITION                       ; On                                                                           ; --            ; cnn_hps_system_hps_0_hps_io_border ; --         ;
; MAX_CORE_JUNCTION_TEMP              ; 85                                                                           ; --            ; --                                 ; --         ;
; MIN_CORE_JUNCTION_TEMP              ; 0                                                                            ; --            ; --                                 ; --         ;
; MISC_FILE                           ; cnn_hps_system/synthesis/../cnn_hps_system.cmp                               ; --            ; --                                 ; --         ;
; MISC_FILE                           ; cnn_hps_system/synthesis/cnn_hps_system_hps_0_hps.svd                        ; --            ; --                                 ; --         ;
; MISC_FILE                           ; cnn_hps_system/synthesis/../../cnn_hps_system.qsys                           ; --            ; --                                 ; --         ;
; MISC_FILE                           ; cnn_hps_system/synthesis/submodules/sequencer/sdram_io.pre.h                 ; --            ; --                                 ; --         ;
; MISC_FILE                           ; cnn_hps_system/synthesis/submodules/sequencer/alt_types.pre.h                ; --            ; --                                 ; --         ;
; MISC_FILE                           ; cnn_hps_system/synthesis/submodules/sequencer/system.pre.h                   ; --            ; --                                 ; --         ;
; MISC_FILE                           ; cnn_hps_system/synthesis/submodules/sequencer/sequencer.pre.c                ; --            ; --                                 ; --         ;
; MISC_FILE                           ; cnn_hps_system/synthesis/submodules/sequencer/sequencer.pre.h                ; --            ; --                                 ; --         ;
; MISC_FILE                           ; cnn_hps_system/synthesis/submodules/sequencer/tclrpt.pre.c                   ; --            ; --                                 ; --         ;
; MISC_FILE                           ; cnn_hps_system/synthesis/submodules/sequencer/tclrpt.pre.h                   ; --            ; --                                 ; --         ;
; MISC_FILE                           ; cnn_hps_system/synthesis/submodules/sequencer/sequencer_defines.pre.h        ; --            ; --                                 ; --         ;
; MISC_FILE                           ; cnn_hps_system/synthesis/submodules/sequencer/sequencer_auto_ac_init.pre.c   ; --            ; --                                 ; --         ;
; MISC_FILE                           ; cnn_hps_system/synthesis/submodules/sequencer/sequencer_auto_inst_init.pre.c ; --            ; --                                 ; --         ;
; MISC_FILE                           ; cnn_hps_system/synthesis/submodules/sequencer/sequencer_auto.pre.h           ; --            ; --                                 ; --         ;
; MISC_FILE                           ; cnn_hps_system/synthesis/submodules/sequencer/emif.pre.xml                   ; --            ; --                                 ; --         ;
; MISC_FILE                           ; cnn_hps_system/synthesis/submodules/hps.pre.xml                              ; --            ; --                                 ; --         ;
; PARTITION_COLOR                     ; -- (Not supported for targeted family)                                       ; --            ; --                                 ; Top        ;
; PARTITION_FITTER_PRESERVATION_LEVEL ; -- (Not supported for targeted family)                                       ; --            ; --                                 ; Top        ;
; PARTITION_NETLIST_TYPE              ; -- (Not supported for targeted family)                                       ; --            ; --                                 ; Top        ;
; POWER_BOARD_THERMAL_MODEL           ; None (CONSERVATIVE)                                                          ; --            ; --                                 ; --         ;
; POWER_PRESET_COOLING_SOLUTION       ; 23 MM HEAT SINK WITH 200 LFPM AIRFLOW                                        ; --            ; --                                 ; --         ;
; PROJECT_OUTPUT_DIRECTORY            ; output_files                                                                 ; --            ; --                                 ; --         ;
; SLD_FILE                            ; cnn_hps_system/synthesis/cnn_hps_system.regmap                               ; --            ; --                                 ; --         ;
; SLD_FILE                            ; cnn_hps_system/synthesis/cnn_hps_system.debuginfo                            ; --            ; --                                 ; --         ;
; SLD_INFO                            ; QSYS_NAME cnn_hps_system HAS_SOPCINFO 1 GENERATION_ID 1651609172             ; --            ; cnn_hps_system                     ; --         ;
; SOPCINFO_FILE                       ; cnn_hps_system/synthesis/../../cnn_hps_system.sopcinfo                       ; --            ; --                                 ; --         ;
; SYNTHESIS_ONLY_QIP                  ; On                                                                           ; --            ; --                                 ; --         ;
+-------------------------------------+------------------------------------------------------------------------------+---------------+------------------------------------+------------+


+--------------------------------------------------------------------------------------------------------------------------+
; Flow Elapsed Time                                                                                                        ;
+----------------------+--------------+-------------------------+---------------------+------------------------------------+
; Module Name          ; Elapsed Time ; Average Processors Used ; Peak Virtual Memory ; Total CPU Time (on all processors) ;
+----------------------+--------------+-------------------------+---------------------+------------------------------------+
; Analysis & Synthesis ; 00:01:39     ; 1.0                     ; 772 MB              ; 00:00:25                           ;
; Fitter               ; 00:00:23     ; 1.0                     ; 757 MB              ; 00:00:03                           ;
; Total                ; 00:02:02     ; --                      ; --                  ; 00:00:28                           ;
+----------------------+--------------+-------------------------+---------------------+------------------------------------+


+---------------------------------------------------------------------------------+
; Flow OS Summary                                                                 ;
+----------------------+------------------+---------+------------+----------------+
; Module Name          ; Machine Hostname ; OS Name ; OS Version ; Processor type ;
+----------------------+------------------+---------+------------+----------------+
; Analysis & Synthesis ; micro31          ; Red Hat ; Red Hat    ; x86_64         ;
; Fitter               ; micro31          ; Red Hat ; Red Hat    ; x86_64         ;
+----------------------+------------------+---------+------------+----------------+


------------
; Flow Log ;
------------
quartus_map --read_settings_files=on --write_settings_files=off tenary_adder -c main
quartus_fit --read_settings_files=off --write_settings_files=off tenary_adder -c main



